<?xml version="1.0" encoding="UTF-8"?>
<!-- Generated by org.testng.reporters.JUnitReportReporter -->
<testsuite hostname="Bhargav-Hp" name="com.selenium.test.DataProviderExample" tests="4" failures="0" timestamp="15 Apr 2018 03:24:02 GMT" time="0.041" errors="0">
  <testcase name="empcreation" time="0.001" classname="com.selenium.test.DataProviderExample"/>
  <testcase name="empcreation" time="0.037" classname="com.selenium.test.DataProviderExample"/>
  <testcase name="empcreation" time="0.001" classname="com.selenium.test.DataProviderExample"/>
  <testcase name="empcreation" time="0.002" classname="com.selenium.test.DataProviderExample"/>
</testsuite> <!-- com.selenium.test.DataProviderExample -->
