<?xml version="1.0" encoding="UTF-8"?>
<!-- Generated by org.testng.reporters.JUnitReportReporter -->
<testsuite hostname="Bhargav-Hp" name="com.seleniumtraining.AjaxControl" tests="1" failures="0" timestamp="3 Dec 2017 17:55:55 GMT" time="4.699" errors="0">
  <testcase name="ajaxControl" time="4.699" classname="com.seleniumtraining.AjaxControl"/>
</testsuite> <!-- com.seleniumtraining.AjaxControl -->
