<?xml version="1.0" encoding="UTF-8"?>
<!-- Generated by org.testng.reporters.JUnitReportReporter -->
<testsuite hostname="Bhargav-Hp" name="com.selenium.test.TestNgAnns" tests="2" failures="0" timestamp="14 Apr 2018 04:13:38 GMT" time="0.015" errors="0">
  <testcase name="MT" time="0.003" classname="com.selenium.test.TestNgAnns"/>
  <testcase name="BA" time="0.012" classname="com.selenium.test.TestNgAnns"/>
</testsuite> <!-- com.selenium.test.TestNgAnns -->
