<?xml version="1.0" encoding="UTF-8"?>
<!-- Generated by org.testng.reporters.JUnitReportReporter -->
<testsuite hostname="Bhargav-Hp" name="com.selenium.test.WebtableHandling" tests="1" failures="0" timestamp="12 Apr 2018 02:45:16 GMT" time="6.018" errors="0">
  <testcase name="tescase" time="6.018" classname="com.selenium.test.WebtableHandling"/>
</testsuite> <!-- com.selenium.test.WebtableHandling -->
