<?xml version="1.0" encoding="UTF-8"?>
<!-- Generated by org.testng.reporters.JUnitReportReporter -->
<testsuite hostname="Bhargav-Hp" name="com.selenium.test.Piriority" tests="3" failures="0" timestamp="15 Apr 2018 03:31:58 GMT" time="0.004" errors="0">
  <testcase name="Four" time="0.001" classname="com.selenium.test.Piriority"/>
  <testcase name="One" time="0.002" classname="com.selenium.test.Piriority"/>
  <testcase name="Two" time="0.001" classname="com.selenium.test.Piriority"/>
</testsuite> <!-- com.selenium.test.Piriority -->
