<?xml version="1.0" encoding="UTF-8"?>
<!-- Generated by org.testng.reporters.JUnitReportReporter -->
<testsuite hostname="Bhargav-Hp" name="com.automationtestingscenarioa.TC_ClickAndSelect" tests="1" failures="0" timestamp="29 Jul 2017 14:08:54 GMT" time="7.592" errors="0">
  <testcase name="testCase" time="7.592" classname="com.automationtestingscenarioa.TC_ClickAndSelect"/>
</testsuite> <!-- com.automationtestingscenarioa.TC_ClickAndSelect -->
