<?xml version="1.0" encoding="UTF-8"?>
<!-- Generated by org.testng.reporters.JUnitReportReporter -->
<testsuite hostname="Bhargav-Hp" name="com.selenium.test.Log4j" tests="1" failures="0" timestamp="15 Apr 2018 04:55:27 GMT" time="21.645" errors="0">
  <testcase name="test" time="21.645" classname="com.selenium.test.Log4j"/>
</testsuite> <!-- com.selenium.test.Log4j -->
