<?xml version="1.0" encoding="UTF-8"?>
<!-- Generated by org.testng.reporters.JUnitReportReporter -->
<testsuite hostname="Bhargav-Hp" name="com.selenium.test.KeyEvents" tests="1" failures="0" timestamp="31 Dec 2017 04:37:44 GMT" time="83.286" errors="0">
  <testcase name="minimizethewindow" time="83.286" classname="com.selenium.test.KeyEvents"/>
</testsuite> <!-- com.selenium.test.KeyEvents -->
