<?xml version="1.0" encoding="UTF-8"?>
<!-- Generated by org.testng.reporters.JUnitReportReporter -->
<testsuite hostname="Bhargav-Hp" name="com.seleniumtraining.WindowsHandle" tests="1" failures="0" timestamp="29 Nov 2017 15:38:31 GMT" time="62.971" errors="0">
  <testcase name="acceptAlertmessage" time="62.971" classname="com.seleniumtraining.WindowsHandle"/>
</testsuite> <!-- com.seleniumtraining.WindowsHandle -->
