<?xml version="1.0" encoding="UTF-8"?>
<!-- Generated by org.testng.reporters.JUnitReportReporter -->
<testsuite hostname="Bhargav-Hp" name="com.automationtestingscenarioa.TC_ClickAndNavigate" tests="1" failures="0" timestamp="15 Jul 2017 14:58:02 GMT" time="6.482" errors="0">
  <testcase name="testCase" time="6.482" classname="com.automationtestingscenarioa.TC_ClickAndNavigate"/>
</testsuite> <!-- com.automationtestingscenarioa.TC_ClickAndNavigate -->
