<?xml version="1.0" encoding="UTF-8"?>
<!-- Generated by org.testng.reporters.JUnitReportReporter -->
<testsuite hostname="Bhargav-Hp" name="com.selenium.test.TC_AlertHandle" tests="1" failures="0" timestamp="21 Jan 2018 04:19:41 GMT" time="0.850" errors="0">
  <testcase name="tescase" time="0.850" classname="com.selenium.test.TC_AlertHandle"/>
</testsuite> <!-- com.selenium.test.TC_AlertHandle -->
