<?xml version="1.0" encoding="UTF-8"?>
<!-- Generated by org.testng.reporters.JUnitReportReporter -->
<testsuite hostname="Bhargav-Hp" name="com.automationtestingscenarioa.TC_WindowsHandling" tests="1" failures="0" timestamp="29 Jul 2017 15:22:55 GMT" time="9.579" errors="0">
  <testcase name="testCase" time="9.579" classname="com.automationtestingscenarioa.TC_WindowsHandling"/>
</testsuite> <!-- com.automationtestingscenarioa.TC_WindowsHandling -->
