<?xml version="1.0" encoding="UTF-8"?>
<!-- Generated by org.testng.reporters.JUnitReportReporter -->
<testsuite hostname="Bhargav-Hp" name="com.selenium.test.WinHandle" tests="1" failures="0" timestamp="21 Feb 2018 16:51:06 GMT" time="4.458" errors="0">
  <testcase name="tescase" time="4.458" classname="com.selenium.test.WinHandle"/>
</testsuite> <!-- com.selenium.test.WinHandle -->
