<?xml version="1.0" encoding="UTF-8"?>
<!-- Generated by org.testng.reporters.JUnitReportReporter -->
<testsuite hostname="Bhargav-Hp" name="com.automationtestingscenarioa.Tc_ClearTextAndEnter" tests="1" failures="0" timestamp="16 Dec 2017 16:53:02 GMT" time="50.722" errors="0">
  <testcase name="testCase" time="50.722" classname="com.automationtestingscenarioa.Tc_ClearTextAndEnter"/>
</testsuite> <!-- com.automationtestingscenarioa.Tc_ClearTextAndEnter -->
