<?xml version="1.0" encoding="UTF-8"?>
<!-- Generated by org.testng.reporters.JUnitReportReporter -->
<testsuite hostname="Bhargav-Hp" name="com.automationtestingscenarioa.TC_SelectGender" tests="1" failures="0" timestamp="19 Jul 2017 16:05:26 GMT" time="4.033" errors="0">
  <testcase name="testCase" time="4.033" classname="com.automationtestingscenarioa.TC_SelectGender"/>
</testsuite> <!-- com.automationtestingscenarioa.TC_SelectGender -->
