<?xml version="1.0" encoding="UTF-8"?>
<!-- Generated by org.testng.reporters.JUnitReportReporter -->
<testsuite hostname="Bhargav-Hp" name="com.seleniumtraining.TC_Login_newtour" tests="1" failures="0" timestamp="16 Dec 2017 15:20:57 GMT" time="14.649" errors="0">
  <testcase name="login" time="14.649" classname="com.seleniumtraining.TC_Login_newtour"/>
</testsuite> <!-- com.seleniumtraining.TC_Login_newtour -->
