<?xml version="1.0" encoding="UTF-8"?>
<!-- Generated by org.testng.reporters.JUnitReportReporter -->
<testsuite hostname="Bhargav-Hp" name="com.automationtestingscenarioa.TC_CheckRadioButtton" tests="1" failures="0" timestamp="19 Jul 2017 16:11:17 GMT" time="3.447" errors="0">
  <testcase name="testCase" time="3.447" classname="com.automationtestingscenarioa.TC_CheckRadioButtton"/>
</testsuite> <!-- com.automationtestingscenarioa.TC_CheckRadioButtton -->
