<?xml version="1.0" encoding="UTF-8"?>
<!-- Generated by org.testng.reporters.JUnitReportReporter -->
<testsuite hostname="Bhargav-Hp" name="com.seleniumtraining.ClickAllLink" tests="1" failures="0" timestamp="24 Jun 2017 10:00:52 GMT" time="9.006" errors="0">
  <testcase name="clickAllLinks" time="9.006" classname="com.seleniumtraining.ClickAllLink"/>
</testsuite> <!-- com.seleniumtraining.ClickAllLink -->
