<?xml version="1.0" encoding="UTF-8"?>
<!-- Generated by org.testng.reporters.JUnitReportReporter -->
<testsuite hostname="Bhargav-Hp" name="com.seleniumtraining.Log4j" tests="1" failures="0" timestamp="21 Dec 2017 05:47:05 GMT" time="63.710" errors="0">
  <testcase name="test" time="63.710" classname="com.seleniumtraining.Log4j"/>
</testsuite> <!-- com.seleniumtraining.Log4j -->
