<?xml version="1.0" encoding="UTF-8"?>
<!-- Generated by org.testng.reporters.JUnitReportReporter -->
<testsuite hostname="Bhargav-Hp" name="com.automationtestingscenarioa.TC_EnterText" tests="1" failures="0" timestamp="19 Jul 2017 15:48:42 GMT" time="6.898" errors="0">
  <testcase name="testCase" time="6.898" classname="com.automationtestingscenarioa.TC_EnterText"/>
</testsuite> <!-- com.automationtestingscenarioa.TC_EnterText -->
