<?xml version="1.0" encoding="UTF-8"?>
<!-- Generated by org.testng.reporters.JUnitReportReporter -->
<testsuite hostname="Bhargav-Hp" name="com.selenium.test.groupExample" tests="1" failures="0" timestamp="14 Apr 2018 04:24:53 GMT" time="0.030" errors="0">
  <testcase name="testCaseThree" time="0.030" classname="com.selenium.test.groupExample"/>
</testsuite> <!-- com.selenium.test.groupExample -->
