<?xml version="1.0" encoding="UTF-8"?>
<!-- Generated by org.testng.reporters.JUnitReportReporter -->
<testsuite hostname="Bhargav-Hp" name="com.selenium.test.AjaxControl" tests="1" failures="0" timestamp="1 Jan 2018 15:38:02 GMT" time="7.022" errors="0">
  <testcase name="ajaxControl" time="7.022" classname="com.selenium.test.AjaxControl"/>
</testsuite> <!-- com.selenium.test.AjaxControl -->
