<?xml version="1.0" encoding="UTF-8"?>
<!-- Generated by org.testng.reporters.JUnitReportReporter -->
<testsuite hostname="Bhargav-Hp" name="com.seleniumtraining.FrameHandling" tests="1" failures="0" timestamp="24 Jun 2017 10:06:49 GMT" time="19.542" errors="0">
  <testcase name="handleFrame" time="19.542" classname="com.seleniumtraining.FrameHandling"/>
</testsuite> <!-- com.seleniumtraining.FrameHandling -->
