<?xml version="1.0" encoding="UTF-8"?>
<!-- Generated by org.testng.reporters.JUnitReportReporter -->
<testsuite hostname="Bhargav-Hp" name="com.selenium.test.Excelwritedata" tests="1" failures="0" timestamp="18 Apr 2018 03:04:34 GMT" time="0.347" errors="0">
  <testcase name="WritingData" time="0.347" classname="com.selenium.test.Excelwritedata"/>
</testsuite> <!-- com.selenium.test.Excelwritedata -->
