<?xml version="1.0" encoding="UTF-8"?>
<!-- Generated by org.testng.reporters.JUnitReportReporter -->
<testsuite hostname="Bhargav-Hp" name="com.automationtestingscenarioa.TC_CopyAndPasteText" tests="1" failures="0" timestamp="20 Jul 2017 02:14:01 GMT" time="24.200" errors="0">
  <testcase name="testCase" time="24.200" classname="com.automationtestingscenarioa.TC_CopyAndPasteText"/>
</testsuite> <!-- com.automationtestingscenarioa.TC_CopyAndPasteText -->
