<?xml version="1.0" encoding="UTF-8"?>
<!-- Generated by org.testng.reporters.JUnitReportReporter -->
<testsuite hostname="Bhargav-Hp" name="com.selenium.test.ReadDataFromProp" tests="1" failures="0" timestamp="21 Jan 2018 10:30:10 GMT" time="0.022" errors="0">
  <testcase name="readelement" time="0.022" classname="com.selenium.test.ReadDataFromProp"/>
</testsuite> <!-- com.selenium.test.ReadDataFromProp -->
