<?xml version="1.0" encoding="UTF-8"?>
<!-- Generated by org.testng.reporters.JUnitReportReporter -->
<testsuite hostname="Bhargav-Hp" name="com.selenium.test.Dependent" tests="3" failures="0" timestamp="15 Apr 2018 03:31:58 GMT" time="0.035" errors="0">
  <testcase name="LogOut" time="0.001" classname="com.selenium.test.Dependent"/>
  <testcase name="OpenBrowser" time="0.033" classname="com.selenium.test.Dependent"/>
  <testcase name="SignIn" time="0.001" classname="com.selenium.test.Dependent"/>
</testsuite> <!-- com.selenium.test.Dependent -->
