<?xml version="1.0" encoding="UTF-8"?>
<!-- Generated by org.testng.reporters.JUnitReportReporter -->
<testsuite hostname="Bhargav-Hp" name="com.selenium.test.ExcelRead" tests="1" failures="0" timestamp="18 Apr 2018 02:55:42 GMT" time="0.267" errors="0">
  <testcase name="excelread" time="0.267" classname="com.selenium.test.ExcelRead"/>
</testsuite> <!-- com.selenium.test.ExcelRead -->
