<?xml version="1.0" encoding="UTF-8"?>
<!-- Generated by org.testng.reporters.JUnitReportReporter -->
<testsuite hostname="Bhargav-Hp" name="com.automationtestingscenarioa.TC_AlertHandling" tests="1" failures="0" timestamp="29 Jul 2017 15:04:50 GMT" time="5.854" errors="0">
  <testcase name="testCase" time="5.854" classname="com.automationtestingscenarioa.TC_AlertHandling"/>
</testsuite> <!-- com.automationtestingscenarioa.TC_AlertHandling -->
