<?xml version="1.0" encoding="UTF-8"?>
<!-- Generated by org.testng.reporters.JUnitReportReporter -->
<testsuite hostname="Bhargav-Hp" name="com.automationtestingscenarioa.TC_ClickAndWait" tests="1" failures="0" timestamp="19 Jul 2017 16:27:43 GMT" time="9.755" errors="0">
  <testcase name="testCase" time="9.755" classname="com.automationtestingscenarioa.TC_ClickAndWait"/>
</testsuite> <!-- com.automationtestingscenarioa.TC_ClickAndWait -->
