<?xml version="1.0" encoding="UTF-8"?>
<!-- Generated by org.testng.reporters.JUnitReportReporter -->
<testsuite hostname="Bhargav-Hp" name="com.automationtestingscenarioa.TC_Mousehower" tests="1" failures="0" timestamp="29 Jul 2017 16:46:01 GMT" time="3.669" errors="0">
  <testcase name="testCase" time="3.669" classname="com.automationtestingscenarioa.TC_Mousehower"/>
</testsuite> <!-- com.automationtestingscenarioa.TC_Mousehower -->
