<?xml version="1.0" encoding="UTF-8"?>
<!-- Generated by org.testng.reporters.JUnitReportReporter -->
<testsuite hostname="bhargav-HP" name="com.seleniumtraining.Coolsumer" tests="1" failures="0" timestamp="21 Feb 2016 06:38:30 GMT" time="7.845" errors="0">
  <testcase name="login" time="7.845" classname="com.seleniumtraining.Coolsumer"/>
</testsuite> <!-- com.seleniumtraining.Coolsumer -->
