<?xml version="1.0" encoding="UTF-8"?>
<!-- Generated by org.testng.reporters.JUnitReportReporter -->
<testsuite hostname="Bhargav-Hp" name="com.selenium.test.FrameHandling" tests="1" failures="0" timestamp="15 Apr 2018 03:43:04 GMT" time="30.806" errors="0">
  <testcase name="handleFrame" time="30.806" classname="com.selenium.test.FrameHandling"/>
</testsuite> <!-- com.selenium.test.FrameHandling -->
