<?xml version="1.0" encoding="UTF-8"?>
<!-- Generated by org.testng.reporters.JUnitReportReporter -->
<testsuite hostname="Bhargav-Hp" name="com.automationtestingscenarioa.TC_FrameHandling" tests="1" failures="0" timestamp="29 Jul 2017 15:50:54 GMT" time="12.258" errors="0">
  <testcase name="testCase" time="12.258" classname="com.automationtestingscenarioa.TC_FrameHandling"/>
</testsuite> <!-- com.automationtestingscenarioa.TC_FrameHandling -->
